2026-05-06 10:12:30,929 - INFO - Starting simulation with config=config.toml
2026-05-06 10:12:30,930 - INFO - Loading physical topology from graphml\Nsfnet.graphml
2026-05-06 10:12:31,096 - INFO - GraphML topology loaded: nodes=14 directed_links=42 source=graphml\Nsfnet.graphml
2026-05-06 10:12:31,096 - INFO - Routing algorithm selected: JointKPathPairGroomingRWA
2026-05-06 10:12:31,096 - INFO - JointKPathPairGrooming initialized with k=4
2026-05-06 10:12:31,096 - INFO - Control plane bound to routing algorithm=JointKPathPairGroomingRWA
2026-05-06 10:12:31,097 - DEBUG - FlowArrivalEvent(time=1.6913187012785935, flow=Flow(id=0, src=0, dst=7, rate=17, duration=2.8089429999558515, cos=1, security_required=2, key_rate=1))
2026-05-06 10:12:31,097 - DEBUG - FlowDepartureEvent(time=4.500261701234445, flow_id=0)
2026-05-06 10:12:31,097 - DEBUG - FlowArrivalEvent(time=1.8050092070368011, flow=Flow(id=1, src=10, dst=9, rate=3, duration=5.480461593964909, cos=1, security_required=0, key_rate=2))
2026-05-06 10:12:31,097 - DEBUG - FlowDepartureEvent(time=7.28547080100171, flow_id=1)
2026-05-06 10:12:31,097 - DEBUG - FlowArrivalEvent(time=1.8386272116371858, flow=Flow(id=2, src=11, dst=12, rate=83, duration=2.216916691636804, cos=1, security_required=2, key_rate=4))
2026-05-06 10:12:31,097 - DEBUG - FlowDepartureEvent(time=4.05554390327399, flow_id=2)
2026-05-06 10:12:31,098 - DEBUG - FlowArrivalEvent(time=2.246120103891869, flow=Flow(id=3, src=11, dst=7, rate=97, duration=20.348531127768087, cos=1, security_required=0, key_rate=4))
2026-05-06 10:12:31,098 - DEBUG - FlowDepartureEvent(time=22.594651231659956, flow_id=3)
2026-05-06 10:12:31,098 - DEBUG - FlowArrivalEvent(time=2.549209276457105, flow=Flow(id=4, src=3, dst=0, rate=13, duration=14.417822468615444, cos=1, security_required=0, key_rate=4))
2026-05-06 10:12:31,098 - DEBUG - FlowDepartureEvent(time=16.96703174507255, flow_id=4)
2026-05-06 10:12:31,098 - DEBUG - FlowArrivalEvent(time=3.7062711101521235, flow=Flow(id=5, src=6, dst=11, rate=93, duration=16.457299394052583, cos=1, security_required=1, key_rate=1))
2026-05-06 10:12:31,098 - DEBUG - FlowDepartureEvent(time=20.163570504204706, flow_id=5)
2026-05-06 10:12:31,098 - DEBUG - FlowArrivalEvent(time=3.808869017724421, flow=Flow(id=6, src=7, dst=5, rate=80, duration=3.469768109485527, cos=1, security_required=2, key_rate=3))
2026-05-06 10:12:31,098 - DEBUG - FlowDepartureEvent(time=7.278637127209948, flow_id=6)
2026-05-06 10:12:31,098 - DEBUG - FlowArrivalEvent(time=3.898984608477212, flow=Flow(id=7, src=13, dst=11, rate=98, duration=10.825322243662004, cos=1, security_required=1, key_rate=1))
2026-05-06 10:12:31,099 - DEBUG - FlowDepartureEvent(time=14.724306852139216, flow_id=7)
2026-05-06 10:12:31,099 - DEBUG - FlowArrivalEvent(time=4.496783871530782, flow=Flow(id=8, src=1, dst=13, rate=46, duration=6.040568537602636, cos=1, security_required=0, key_rate=3))
2026-05-06 10:12:31,099 - DEBUG - FlowDepartureEvent(time=10.537352409133419, flow_id=8)
2026-05-06 10:12:31,099 - DEBUG - FlowArrivalEvent(time=4.885008022955765, flow=Flow(id=9, src=13, dst=2, rate=82, duration=27.591527933455282, cos=1, security_required=0, key_rate=2))
2026-05-06 10:12:31,099 - DEBUG - FlowDepartureEvent(time=32.47653595641105, flow_id=9)
2026-05-06 10:12:31,099 - INFO - Traffic generated: flows=10 mean_arrival_time=1.250000 seed=42
2026-05-06 10:12:31,099 - INFO - Traffic generation completed with 20 scheduled events
2026-05-06 10:12:31,099 - INFO - ============================== Start Simulation ==============================
2026-05-06 10:12:31,099 - INFO - Simulation loop started with 20 scheduled events
2026-05-06 10:12:31,100 - DEBUG - Dispatching event type=FlowArrivalEvent time=1.691319
2026-05-06 10:12:31,100 - DEBUG - Processing event type=FlowArrivalEvent time=1.691319
2026-05-06 10:12:31,100 - INFO - Flow arrival id=0 src=0 dst=7 rate=17
2026-05-06 10:12:31,100 - INFO - JKPG handling flow id=0 src=0 dst=7 rate=17 security_required=2
