11:42:29.678 TRACE simulators.SurvivableRouting.Simulator [main] s.S.Simulator.activate(32) - SIMULATOR BEGIN on "ERSLG-Aware Survivable Routing".
11:42:29.681 TRACE simulators.SurvivableRouting.Simulator [main] s.S.Simulator.activate(34) - 1.Reading physical topology XML file "./topo/5NodePartialMeshNet.xml".
11:42:29.684 TRACE simulators.SurvivableRouting.Simulator [main] s.S.Simulator.activate(38) - 1.Read.
11:42:29.685 TRACE simulators.SurvivableRouting.Simulator [main] s.S.Simulator.activate(40) - 2.Constructing the physical topology.
11:42:29.695 TRACE simulators.SurvivableRouting.PhysicalTopology [main] s.S.PhysicalTopology.<init>(22) - 2.1.Physical topology uses 5PMNet topology.
11:42:29.703 TRACE simulators.SurvivableRouting.PhysicalTopology [main] s.S.PhysicalTopology.setNodes(34) - 2.2.Adding 5 nodes.
11:42:29.704 TRACE simulators.SurvivableRouting.PhysicalTopology [main] s.S.PhysicalTopology.setNodes(40) - 2.2.1.Node 0 is ROADM.
11:42:29.705 TRACE simulators.SurvivableRouting.PhysicalTopology [main] s.S.PhysicalTopology.setNodes(40) - 2.2.2.Node 1 is ROADM.
11:42:29.705 TRACE simulators.SurvivableRouting.PhysicalTopology [main] s.S.PhysicalTopology.setNodes(40) - 2.2.3.Node 2 is ROADM.
11:42:29.705 TRACE simulators.SurvivableRouting.PhysicalTopology [main] s.S.PhysicalTopology.setNodes(40) - 2.2.4.Node 3 is ROADM.
11:42:29.705 TRACE simulators.SurvivableRouting.PhysicalTopology [main] s.S.PhysicalTopology.setNodes(40) - 2.2.5.Node 4 is ROADM.
11:42:29.706 TRACE simulators.SurvivableRouting.PhysicalTopology [main] s.S.PhysicalTopology.setNodes(42) - 2.2.Added.
11:42:29.706 TRACE simulators.SurvivableRouting.PhysicalTopology [main] s.S.PhysicalTopology.setEdges(48) - 2.3.Adding 14 fibers.
11:42:29.707 TRACE simulators.SurvivableRouting.PhysicalTopology [main] s.S.PhysicalTopology.setEdges(57) - 2.3.1.Fiber 0 from node 0 to node 1 with 400000 Gbps.
11:42:29.707 TRACE simulators.SurvivableRouting.PhysicalTopology [main] s.S.PhysicalTopology.setEdges(57) - 2.3.2.Fiber 1 from node 0 to node 4 with 400000 Gbps.
11:42:29.707 TRACE simulators.SurvivableRouting.PhysicalTopology [main] s.S.PhysicalTopology.setEdges(57) - 2.3.3.Fiber 2 from node 1 to node 0 with 400000 Gbps.
11:42:29.707 TRACE simulators.SurvivableRouting.PhysicalTopology [main] s.S.PhysicalTopology.setEdges(57) - 2.3.4.Fiber 3 from node 1 to node 2 with 400000 Gbps.
11:42:29.707 TRACE simulators.SurvivableRouting.PhysicalTopology [main] s.S.PhysicalTopology.setEdges(57) - 2.3.5.Fiber 4 from node 1 to node 3 with 400000 Gbps.
11:42:29.708 TRACE simulators.SurvivableRouting.PhysicalTopology [main] s.S.PhysicalTopology.setEdges(57) - 2.3.6.Fiber 5 from node 2 to node 1 with 400000 Gbps.
11:42:29.708 TRACE simulators.SurvivableRouting.PhysicalTopology [main] s.S.PhysicalTopology.setEdges(57) - 2.3.7.Fiber 6 from node 2 to node 3 with 400000 Gbps.
11:42:29.708 TRACE simulators.SurvivableRouting.PhysicalTopology [main] s.S.PhysicalTopology.setEdges(57) - 2.3.8.Fiber 7 from node 2 to node 4 with 400000 Gbps.
11:42:29.708 TRACE simulators.SurvivableRouting.PhysicalTopology [main] s.S.PhysicalTopology.setEdges(57) - 2.3.9.Fiber 8 from node 3 to node 1 with 400000 Gbps.
11:42:29.709 TRACE simulators.SurvivableRouting.PhysicalTopology [main] s.S.PhysicalTopology.setEdges(57) - 2.3.10.Fiber 9 from node 3 to node 2 with 400000 Gbps.
11:42:29.709 TRACE simulators.SurvivableRouting.PhysicalTopology [main] s.S.PhysicalTopology.setEdges(57) - 2.3.11.Fiber 10 from node 3 to node 4 with 400000 Gbps.
11:42:29.709 TRACE simulators.SurvivableRouting.PhysicalTopology [main] s.S.PhysicalTopology.setEdges(57) - 2.3.12.Fiber 11 from node 4 to node 0 with 400000 Gbps.
11:42:29.709 TRACE simulators.SurvivableRouting.PhysicalTopology [main] s.S.PhysicalTopology.setEdges(57) - 2.3.13.Fiber 12 from node 4 to node 2 with 400000 Gbps.
11:42:29.710 TRACE simulators.SurvivableRouting.PhysicalTopology [main] s.S.PhysicalTopology.setEdges(57) - 2.3.14.Fiber 13 from node 4 to node 3 with 400000 Gbps.
11:42:29.710 TRACE simulators.SurvivableRouting.PhysicalTopology [main] s.S.PhysicalTopology.setEdges(65) - 2.3.Added.
11:42:29.710 TRACE simulators.SurvivableRouting.Simulator [main] s.S.Simulator.activate(42) - 2.Constructed.
11:42:29.710 TRACE simulators.SurvivableRouting.Simulator [main] s.S.Simulator.activate(44) - 3.Initializing the eavesdropping risk link group.
11:42:29.711 TRACE simulators.SurvivableRouting.EavesdroppingRisk [main] s.S.EavesdroppingRisk.<init>(14) - 3.1.Randomly sampled eavesdropping nodes: [4]
11:42:29.712 TRACE simulators.SurvivableRouting.Simulator [main] s.S.Simulator.activate(46) - 3.Done.
11:42:29.712 TRACE simulators.SurvivableRouting.Simulator [main] s.S.Simulator.activate(48) - 4.Generating the traffic flow.
11:42:29.717 TRACE network.FlowGenerator [main] n.FlowGenerator.generate(125) - 1000 flow have been generated.
11:42:29.718 TRACE network.FlowGenerator [main] n.FlowGenerator.generate(126) - 2000 events have been added to scheduler.
11:42:29.718 TRACE simulators.SurvivableRouting.Simulator [main] s.S.Simulator.activate(52) - 4.Done.
11:42:29.718 TRACE simulators.SurvivableRouting.Simulator [main] s.S.Simulator.activate(54) - 5.Simulating the secure optical network.
11:42:29.721 TRACE algorithm.SuurballeSurvivableRoutingAlgorithm [main] a.SuurballeSurvivableRoutingAlgorithm.<init>(23) - The "Suurballe's Survivable Routing Algorithm" has been loaded.
11:42:58.498 TRACE simulators.SurvivableRouting.Simulator [main] s.S.Simulator.runSimulator(72) - The simulation running progress is 10%.
11:42:58.504 TRACE simulators.SurvivableRouting.Simulator [main] s.S.Simulator.runSimulator(72) - The simulation running progress is 20%.
11:42:58.508 TRACE simulators.SurvivableRouting.Simulator [main] s.S.Simulator.runSimulator(72) - The simulation running progress is 30%.
11:42:58.510 TRACE simulators.SurvivableRouting.Simulator [main] s.S.Simulator.runSimulator(72) - The simulation running progress is 40%.
11:42:58.513 TRACE simulators.SurvivableRouting.Simulator [main] s.S.Simulator.runSimulator(72) - The simulation running progress is 50%.
11:42:58.516 TRACE simulators.SurvivableRouting.Simulator [main] s.S.Simulator.runSimulator(72) - The simulation running progress is 60%.
11:42:58.518 TRACE simulators.SurvivableRouting.Simulator [main] s.S.Simulator.runSimulator(72) - The simulation running progress is 70%.
