2025-09-09 23:10:41,879 - INFO - Starting topology generation.
2025-09-09 23:10:41,879 - INFO - Generate topology from GraphML file: ../topology/SixNode.graphml
2025-09-09 23:10:43,243 - INFO - Status: Optimal
2025-09-09 23:10:43,244 - INFO - Total successful services: 100.0
2025-09-09 23:10:43,244 - INFO - Link encryption configurations:
2025-09-09 23:10:43,244 - INFO - Kappa 1-2-0 encrypted: 1.0
2025-09-09 23:10:43,244 - INFO - Kappa 1-2-1 encrypted: 0.0
2025-09-09 23:10:43,244 - INFO - Kappa 1-0-0 encrypted: 0.0
2025-09-09 23:10:43,244 - INFO - Kappa 1-0-1 encrypted: 1.0
2025-09-09 23:10:43,244 - INFO - Kappa 2-1-0 encrypted: 1.0
2025-09-09 23:10:43,244 - INFO - Kappa 2-1-1 encrypted: 0.0
2025-09-09 23:10:43,244 - INFO - Kappa 2-3-0 encrypted: 0.0
2025-09-09 23:10:43,244 - INFO - Kappa 2-3-1 encrypted: 1.0
2025-09-09 23:10:43,244 - INFO - Kappa 2-0-0 encrypted: 0.0
2025-09-09 23:10:43,244 - INFO - Kappa 2-0-1 encrypted: 1.0
2025-09-09 23:10:43,244 - INFO - Kappa 3-2-0 encrypted: 0.0
2025-09-09 23:10:43,244 - INFO - Kappa 3-2-1 encrypted: 1.0
2025-09-09 23:10:43,244 - INFO - Kappa 3-4-0 encrypted: 1.0
2025-09-09 23:10:43,244 - INFO - Kappa 3-4-1 encrypted: 0.0
2025-09-09 23:10:43,244 - INFO - Kappa 3-5-0 encrypted: 1.0
2025-09-09 23:10:43,244 - INFO - Kappa 3-5-1 encrypted: 0.0
2025-09-09 23:10:43,244 - INFO - Kappa 4-3-0 encrypted: 1.0
2025-09-09 23:10:43,244 - INFO - Kappa 4-3-1 encrypted: 0.0
2025-09-09 23:10:43,244 - INFO - Kappa 4-5-0 encrypted: 0.0
2025-09-09 23:10:43,244 - INFO - Kappa 4-5-1 encrypted: 1.0
2025-09-09 23:10:43,244 - INFO - Kappa 5-3-0 encrypted: 1.0
2025-09-09 23:10:43,244 - INFO - Kappa 5-3-1 encrypted: 0.0
2025-09-09 23:10:43,244 - INFO - Kappa 5-4-0 encrypted: 0.0
2025-09-09 23:10:43,244 - INFO - Kappa 5-4-1 encrypted: 1.0
2025-09-09 23:10:43,244 - INFO - Kappa 5-0-0 encrypted: 0.0
2025-09-09 23:10:43,244 - INFO - Kappa 5-0-1 encrypted: 1.0
2025-09-09 23:10:43,244 - INFO - Kappa 0-1-0 encrypted: 0.0
2025-09-09 23:10:43,244 - INFO - Kappa 0-1-1 encrypted: 1.0
2025-09-09 23:10:43,244 - INFO - Kappa 0-2-0 encrypted: 0.0
2025-09-09 23:10:43,245 - INFO - Kappa 0-2-1 encrypted: 1.0
2025-09-09 23:10:43,245 - INFO - Kappa 0-5-0 encrypted: 0.0
2025-09-09 23:10:43,245 - INFO - Kappa 0-5-1 encrypted: 1.0
2025-09-09 23:10:43,245 - INFO - Encrypt links: 5.0 and norm links: 3.0
2025-09-09 23:10:43,245 - INFO - The encryption rate is 0.625
2025-09-09 23:10:43,245 - INFO - Successfully routed services:
2025-09-09 23:10:43,245 - INFO - Call src 0, dst 1, index 0 routed with sec 0
2025-09-09 23:10:43,245 - INFO - 0-1(level 1)
2025-09-09 23:10:43,245 - INFO - Call src 0, dst 1, index 1 routed with sec 2
2025-09-09 23:10:43,245 - INFO - 0-1(level 1)
2025-09-09 23:10:43,245 - INFO - Call src 0, dst 1, index 2 routed with sec 0
2025-09-09 23:10:43,245 - INFO - 0-1(level 1)
2025-09-09 23:10:43,245 - INFO - Call src 0, dst 2, index 0 routed with sec 0
2025-09-09 23:10:43,245 - INFO - 0-2(level 1)
2025-09-09 23:10:43,245 - INFO - Call src 0, dst 2, index 1 routed with sec 0
2025-09-09 23:10:43,245 - INFO - 0-2(level 1)
2025-09-09 23:10:43,245 - INFO - Call src 0, dst 2, index 2 routed with sec 0
2025-09-09 23:10:43,245 - INFO - 0-2(level 1)
2025-09-09 23:10:43,245 - INFO - Call src 0, dst 3, index 0 routed with sec 0
2025-09-09 23:10:43,245 - INFO - 2-3(level 1) -> 0-2(level 1)
2025-09-09 23:10:43,245 - INFO - Call src 0, dst 3, index 1 routed with sec 1
2025-09-09 23:10:43,245 - INFO - 2-3(level 1) -> 0-2(level 1)
2025-09-09 23:10:43,245 - INFO - Call src 0, dst 3, index 2 routed with sec 2
2025-09-09 23:10:43,245 - INFO - 2-3(level 1) -> 0-2(level 1)
2025-09-09 23:10:43,245 - INFO - Call src 0, dst 4, index 0 routed with sec 2
2025-09-09 23:10:43,245 - INFO - 2-3(level 1) -> 3-2(level 1) -> 5-4(level 1) -> 0-5(level 1)
2025-09-09 23:10:43,245 - INFO - Call src 0, dst 4, index 1 routed with sec 0
2025-09-09 23:10:43,246 - INFO - 2-3(level 1) -> 3-2(level 1) -> 5-4(level 1) -> 0-5(level 1)
2025-09-09 23:10:43,246 - INFO - Call src 0, dst 4, index 2 routed with sec 2
2025-09-09 23:10:43,246 - INFO - 5-4(level 1) -> 0-5(level 1)
2025-09-09 23:10:43,246 - INFO - Call src 0, dst 4, index 3 routed with sec 2
2025-09-09 23:10:43,246 - INFO - 5-4(level 1) -> 0-5(level 1)
2025-09-09 23:10:43,246 - INFO - Call src 0, dst 4, index 4 routed with sec 2
2025-09-09 23:10:43,246 - INFO - 2-3(level 1) -> 3-2(level 1) -> 5-4(level 1) -> 0-5(level 1)
2025-09-09 23:10:43,246 - INFO - Call src 0, dst 5, index 0 routed with sec 2
2025-09-09 23:10:43,246 - INFO - 0-5(level 1)
2025-09-09 23:10:43,246 - INFO - Call src 0, dst 5, index 1 routed with sec 2
2025-09-09 23:10:43,246 - INFO - 0-5(level 1)
2025-09-09 23:10:43,246 - INFO - Call src 0, dst 5, index 2 routed with sec 2
2025-09-09 23:10:43,246 - INFO - 0-5(level 1)
2025-09-09 23:10:43,246 - INFO - Call src 0, dst 5, index 3 routed with sec 0
2025-09-09 23:10:43,246 - INFO - 2-3(level 1) -> 3-2(level 1) -> 0-5(level 1)
2025-09-09 23:10:43,246 - INFO - Call src 0, dst 5, index 4 routed with sec 1
2025-09-09 23:10:43,246 - INFO - 0-5(level 1)
2025-09-09 23:10:43,246 - INFO - Call src 1, dst 0, index 0 routed with sec 0
2025-09-09 23:10:43,246 - INFO - 1-0(level 1) -> 2-3(level 1) -> 3-2(level 1)
2025-09-09 23:10:43,246 - INFO - Call src 1, dst 2, index 0 routed with sec 1
2025-09-09 23:10:43,246 - INFO - 1-0(level 1) -> 5-0(level 1) -> 0-2(level 1) -> 0-5(level 1)
2025-09-09 23:10:43,246 - INFO - Call src 1, dst 3, index 0 routed with sec 1
2025-09-09 23:10:43,246 - INFO - 1-0(level 1) -> 2-3(level 1) -> 0-2(level 1)
2025-09-09 23:10:43,246 - INFO - Call src 1, dst 3, index 1 routed with sec 2
2025-09-09 23:10:43,246 - INFO - 1-0(level 1) -> 2-3(level 1) -> 0-2(level 1)
2025-09-09 23:10:43,246 - INFO - Call src 1, dst 3, index 2 routed with sec 1
2025-09-09 23:10:43,246 - INFO - 1-0(level 1) -> 2-3(level 1) -> 0-2(level 1)
2025-09-09 23:10:43,246 - INFO - Call src 1, dst 4, index 0 routed with sec 0
2025-09-09 23:10:43,247 - INFO - 1-2(level 0) -> 2-3(level 1) -> 3-4(level 0)
2025-09-09 23:10:43,247 - INFO - Call src 1, dst 4, index 1 routed with sec 1
2025-09-09 23:10:43,247 - INFO - 1-0(level 1) -> 5-4(level 1) -> 0-5(level 1)
2025-09-09 23:10:43,247 - INFO - Call src 1, dst 4, index 2 routed with sec 2
2025-09-09 23:10:43,247 - INFO - 1-0(level 1) -> 2-3(level 1) -> 3-2(level 1) -> 5-4(level 1) -> 0-5(level 1)
2025-09-09 23:10:43,247 - INFO - Call src 1, dst 4, index 3 routed with sec 0
2025-09-09 23:10:43,247 - INFO - 1-2(level 0) -> 2-3(level 1) -> 3-4(level 0) -> 5-0(level 1) -> 0-5(level 1)
2025-09-09 23:10:43,247 - INFO - Call src 1, dst 4, index 4 routed with sec 0
2025-09-09 23:10:43,247 - INFO - 1-2(level 0) -> 2-3(level 1) -> 3-4(level 0) -> 5-0(level 1) -> 0-5(level 1)
2025-09-09 23:10:43,247 - INFO - Call src 1, dst 5, index 0 routed with sec 2
2025-09-09 23:10:43,247 - INFO - 1-0(level 1) -> 0-5(level 1)
2025-09-09 23:10:43,247 - INFO - Call src 1, dst 5, index 1 routed with sec 0
2025-09-09 23:10:43,247 - INFO - 1-0(level 1) -> 0-5(level 1)
2025-09-09 23:10:43,247 - INFO - Call src 1, dst 5, index 2 routed with sec 2
2025-09-09 23:10:43,247 - INFO - 1-0(level 1) -> 0-5(level 1)
2025-09-09 23:10:43,247 - INFO - Call src 2, dst 0, index 0 routed with sec 2
2025-09-09 23:10:43,247 - INFO - 2-0(level 1)
2025-09-09 23:10:43,247 - INFO - Call src 2, dst 0, index 1 routed with sec 1
2025-09-09 23:10:43,247 - INFO - 2-0(level 1)
2025-09-09 23:10:43,247 - INFO - Call src 2, dst 0, index 2 routed with sec 2
2025-09-09 23:10:43,247 - INFO - 2-0(level 1)
2025-09-09 23:10:43,247 - INFO - Call src 2, dst 1, index 0 routed with sec 0
2025-09-09 23:10:43,247 - INFO - 2-1(level 0)
2025-09-09 23:10:43,247 - INFO - Call src 2, dst 1, index 1 routed with sec 2
2025-09-09 23:10:43,247 - INFO - 2-0(level 1) -> 0-1(level 1)
2025-09-09 23:10:43,247 - INFO - Call src 2, dst 1, index 2 routed with sec 1
2025-09-09 23:10:43,247 - INFO - 2-0(level 1) -> 0-1(level 1)
2025-09-09 23:10:43,247 - INFO - Call src 2, dst 1, index 3 routed with sec 1
2025-09-09 23:10:43,247 - INFO - 2-0(level 1) -> 0-1(level 1)
2025-09-09 23:10:43,247 - INFO - Call src 2, dst 3, index 0 routed with sec 2
2025-09-09 23:10:43,247 - INFO - 2-3(level 1)
2025-09-09 23:10:43,247 - INFO - Call src 2, dst 3, index 1 routed with sec 0
2025-09-09 23:10:43,248 - INFO - 1-0(level 1) -> 2-3(level 1) -> 5-0(level 1) -> 0-1(level 1) -> 0-5(level 1)
2025-09-09 23:10:43,248 - INFO - Call src 2, dst 3, index 2 routed with sec 0
2025-09-09 23:10:43,248 - INFO - 2-3(level 1) -> 5-0(level 1) -> 0-5(level 1)
2025-09-09 23:10:43,248 - INFO - Call src 2, dst 4, index 0 routed with sec 2
2025-09-09 23:10:43,248 - INFO - 2-0(level 1) -> 5-4(level 1) -> 0-5(level 1)
2025-09-09 23:10:43,248 - INFO - Call src 2, dst 4, index 1 routed with sec 1
2025-09-09 23:10:43,248 - INFO - 2-0(level 1) -> 5-4(level 1) -> 0-5(level 1)
2025-09-09 23:10:43,248 - INFO - Call src 2, dst 5, index 0 routed with sec 0
2025-09-09 23:10:43,248 - INFO - 2-3(level 1) -> 3-5(level 0)
2025-09-09 23:10:43,248 - INFO - Call src 2, dst 5, index 1 routed with sec 1
2025-09-09 23:10:43,248 - INFO - 2-0(level 1) -> 0-5(level 1)
2025-09-09 23:10:43,248 - INFO - Call src 2, dst 5, index 2 routed with sec 0
2025-09-09 23:10:43,248 - INFO - 2-0(level 1) -> 0-5(level 1)
2025-09-09 23:10:43,248 - INFO - Call src 3, dst 0, index 0 routed with sec 0
2025-09-09 23:10:43,248 - INFO - 3-5(level 0) -> 5-0(level 1)
2025-09-09 23:10:43,248 - INFO - Call src 3, dst 0, index 1 routed with sec 2
2025-09-09 23:10:43,248 - INFO - 2-0(level 1) -> 3-2(level 1)
2025-09-09 23:10:43,248 - INFO - Call src 3, dst 1, index 0 routed with sec 1
2025-09-09 23:10:43,248 - INFO - 2-0(level 1) -> 3-2(level 1) -> 5-0(level 1) -> 0-1(level 1) -> 0-5(level 1)
2025-09-09 23:10:43,248 - INFO - Call src 3, dst 1, index 1 routed with sec 0
2025-09-09 23:10:43,248 - INFO - 2-1(level 0) -> 3-2(level 1)
2025-09-09 23:10:43,248 - INFO - Call src 3, dst 1, index 2 routed with sec 2
2025-09-09 23:10:43,248 - INFO - 2-0(level 1) -> 3-2(level 1) -> 0-1(level 1)
2025-09-09 23:10:43,248 - INFO - Call src 3, dst 1, index 3 routed with sec 0
2025-09-09 23:10:43,248 - INFO - 2-1(level 0) -> 3-2(level 1)
2025-09-09 23:10:43,248 - INFO - Call src 3, dst 2, index 0 routed with sec 1
2025-09-09 23:10:43,248 - INFO - 3-2(level 1)
2025-09-09 23:10:43,248 - INFO - Call src 3, dst 2, index 1 routed with sec 0
2025-09-09 23:10:43,248 - INFO - 3-2(level 1)
2025-09-09 23:10:43,248 - INFO - Call src 3, dst 2, index 2 routed with sec 0
2025-09-09 23:10:43,248 - INFO - 3-2(level 1)
2025-09-09 23:10:43,248 - INFO - Call src 3, dst 2, index 3 routed with sec 2
2025-09-09 23:10:43,249 - INFO - 3-2(level 1) -> 5-0(level 1) -> 0-5(level 1)
2025-09-09 23:10:43,249 - INFO - Call src 3, dst 2, index 4 routed with sec 0
2025-09-09 23:10:43,249 - INFO - 3-2(level 1) -> 5-0(level 1) -> 0-5(level 1)
2025-09-09 23:10:43,249 - INFO - Call src 3, dst 2, index 5 routed with sec 2
2025-09-09 23:10:43,249 - INFO - 3-2(level 1) -> 5-0(level 1) -> 0-5(level 1)
2025-09-09 23:10:43,249 - INFO - Call src 3, dst 2, index 6 routed with sec 0
2025-09-09 23:10:43,249 - INFO - 3-2(level 1) -> 5-0(level 1) -> 0-5(level 1)
2025-09-09 23:10:43,249 - INFO - Call src 3, dst 4, index 0 routed with sec 0
2025-09-09 23:10:43,249 - INFO - 1-0(level 1) -> 3-4(level 0) -> 0-1(level 1)
2025-09-09 23:10:43,249 - INFO - Call src 3, dst 4, index 1 routed with sec 2
2025-09-09 23:10:43,249 - INFO - 2-0(level 1) -> 3-2(level 1) -> 5-4(level 1) -> 0-5(level 1)
2025-09-09 23:10:43,249 - INFO - Call src 3, dst 4, index 2 routed with sec 2
2025-09-09 23:10:43,249 - INFO - 2-0(level 1) -> 3-2(level 1) -> 5-4(level 1) -> 0-5(level 1)
2025-09-09 23:10:43,249 - INFO - Call src 3, dst 5, index 0 routed with sec 0
2025-09-09 23:10:43,249 - INFO - 3-5(level 0)
2025-09-09 23:10:43,249 - INFO - Call src 3, dst 5, index 1 routed with sec 0
2025-09-09 23:10:43,249 - INFO - 3-5(level 0)
2025-09-09 23:10:43,249 - INFO - Call src 3, dst 5, index 2 routed with sec 1
2025-09-09 23:10:43,249 - INFO - 2-0(level 1) -> 3-2(level 1) -> 0-5(level 1)
2025-09-09 23:10:43,249 - INFO - Call src 4, dst 0, index 0 routed with sec 1
2025-09-09 23:10:43,249 - INFO - 4-5(level 1) -> 5-0(level 1)
2025-09-09 23:10:43,249 - INFO - Call src 4, dst 0, index 1 routed with sec 2
2025-09-09 23:10:43,249 - INFO - 4-5(level 1) -> 5-0(level 1)
2025-09-09 23:10:43,249 - INFO - Call src 4, dst 0, index 2 routed with sec 0
2025-09-09 23:10:43,249 - INFO - 4-5(level 1) -> 5-0(level 1)
2025-09-09 23:10:43,249 - INFO - Call src 4, dst 0, index 3 routed with sec 2
2025-09-09 23:10:43,249 - INFO - 4-5(level 1) -> 5-0(level 1)
2025-09-09 23:10:43,249 - INFO - Call src 4, dst 1, index 0 routed with sec 0
2025-09-09 23:10:43,249 - INFO - 2-1(level 0) -> 3-2(level 1) -> 4-3(level 0) -> 5-0(level 1) -> 0-5(level 1)
2025-09-09 23:10:43,249 - INFO - Call src 4, dst 1, index 1 routed with sec 1
2025-09-09 23:10:43,249 - INFO - 2-3(level 1) -> 3-2(level 1) -> 4-5(level 1) -> 5-0(level 1) -> 0-1(level 1)
2025-09-09 23:10:43,249 - INFO - Call src 4, dst 1, index 2 routed with sec 0
2025-09-09 23:10:43,249 - INFO - 2-1(level 0) -> 3-2(level 1) -> 4-3(level 0)
2025-09-09 23:10:43,249 - INFO - Call src 4, dst 2, index 0 routed with sec 2
2025-09-09 23:10:43,250 - INFO - 4-5(level 1) -> 5-0(level 1) -> 0-2(level 1)
2025-09-09 23:10:43,250 - INFO - Call src 4, dst 2, index 1 routed with sec 2
2025-09-09 23:10:43,250 - INFO - 4-5(level 1) -> 5-0(level 1) -> 0-2(level 1)
2025-09-09 23:10:43,250 - INFO - Call src 4, dst 3, index 0 routed with sec 0
2025-09-09 23:10:43,250 - INFO - 4-3(level 0)
2025-09-09 23:10:43,250 - INFO - Call src 4, dst 3, index 1 routed with sec 0
2025-09-09 23:10:43,250 - INFO - 4-3(level 0) -> 5-0(level 1) -> 0-5(level 1)
2025-09-09 23:10:43,250 - INFO - Call src 4, dst 3, index 2 routed with sec 0
2025-09-09 23:10:43,250 - INFO - 4-3(level 0) -> 5-0(level 1) -> 0-5(level 1)
2025-09-09 23:10:43,250 - INFO - Call src 4, dst 3, index 3 routed with sec 0
2025-09-09 23:10:43,250 - INFO - 4-3(level 0) -> 5-0(level 1) -> 0-5(level 1)
2025-09-09 23:10:43,250 - INFO - Call src 4, dst 5, index 0 routed with sec 0
2025-09-09 23:10:43,250 - INFO - 2-3(level 1) -> 3-2(level 1) -> 4-5(level 1)
2025-09-09 23:10:43,250 - INFO - Call src 4, dst 5, index 1 routed with sec 2
2025-09-09 23:10:43,250 - INFO - 2-3(level 1) -> 3-2(level 1) -> 4-5(level 1)
2025-09-09 23:10:43,250 - INFO - Call src 4, dst 5, index 2 routed with sec 2
2025-09-09 23:10:43,250 - INFO - 2-3(level 1) -> 3-2(level 1) -> 4-5(level 1)
2025-09-09 23:10:43,250 - INFO - Call src 4, dst 5, index 3 routed with sec 2
2025-09-09 23:10:43,250 - INFO - 4-5(level 1)
2025-09-09 23:10:43,250 - INFO - Call src 5, dst 0, index 0 routed with sec 0
2025-09-09 23:10:43,251 - INFO - 5-0(level 1)
2025-09-09 23:10:43,251 - INFO - Call src 5, dst 0, index 1 routed with sec 1
2025-09-09 23:10:43,251 - INFO - 5-0(level 1)
2025-09-09 23:10:43,251 - INFO - Call src 5, dst 0, index 2 routed with sec 1
2025-09-09 23:10:43,251 - INFO - 5-0(level 1)
2025-09-09 23:10:43,251 - INFO - Call src 5, dst 0, index 3 routed with sec 0
2025-09-09 23:10:43,251 - INFO - 5-0(level 1)
2025-09-09 23:10:43,251 - INFO - Call src 5, dst 1, index 0 routed with sec 1
2025-09-09 23:10:43,251 - INFO - 5-0(level 1) -> 0-1(level 1)
2025-09-09 23:10:43,251 - INFO - Call src 5, dst 1, index 1 routed with sec 0
2025-09-09 23:10:43,251 - INFO - 2-3(level 1) -> 3-2(level 1) -> 5-0(level 1) -> 0-1(level 1)
2025-09-09 23:10:43,251 - INFO - Call src 5, dst 1, index 2 routed with sec 2
2025-09-09 23:10:43,251 - INFO - 2-3(level 1) -> 3-2(level 1) -> 5-0(level 1) -> 0-1(level 1)
2025-09-09 23:10:43,251 - INFO - Call src 5, dst 1, index 3 routed with sec 1
2025-09-09 23:10:43,251 - INFO - 5-0(level 1) -> 0-1(level 1)
2025-09-09 23:10:43,251 - INFO - Call src 5, dst 1, index 4 routed with sec 0
2025-09-09 23:10:43,251 - INFO - 5-0(level 1) -> 0-1(level 1)
2025-09-09 23:10:43,251 - INFO - Call src 5, dst 2, index 0 routed with sec 0
2025-09-09 23:10:43,251 - INFO - 5-0(level 1) -> 0-2(level 1)
2025-09-09 23:10:43,251 - INFO - Call src 5, dst 2, index 1 routed with sec 1
2025-09-09 23:10:43,251 - INFO - 5-0(level 1) -> 0-2(level 1)
2025-09-09 23:10:43,251 - INFO - Call src 5, dst 2, index 2 routed with sec 2
2025-09-09 23:10:43,251 - INFO - 5-0(level 1) -> 0-2(level 1)
2025-09-09 23:10:43,251 - INFO - Call src 5, dst 2, index 3 routed with sec 1
2025-09-09 23:10:43,251 - INFO - 1-0(level 1) -> 5-0(level 1) -> 0-1(level 1) -> 0-2(level 1)
2025-09-09 23:10:43,251 - INFO - Call src 5, dst 3, index 0 routed with sec 1
2025-09-09 23:10:43,251 - INFO - 2-3(level 1) -> 5-0(level 1) -> 0-2(level 1)
2025-09-09 23:10:43,251 - INFO - Call src 5, dst 3, index 1 routed with sec 0
2025-09-09 23:10:43,251 - INFO - 5-3(level 0)
2025-09-09 23:10:43,252 - INFO - Call src 5, dst 3, index 2 routed with sec 1
2025-09-09 23:10:43,252 - INFO - 2-3(level 1) -> 5-0(level 1) -> 0-2(level 1)
2025-09-09 23:10:43,252 - INFO - Call src 5, dst 4, index 0 routed with sec 2
2025-09-09 23:10:43,252 - INFO - 5-4(level 1)
